  heat.cpp
D:\Projects\Parallel system\heating\heat.cpp(21,30): warning C4305: 'initializing': truncation from 'double' to 'float'
D:\Projects\Parallel system\heating\heat.cpp(44,38): warning C4849: OpenMP 'collapse' clause ignored in 'parallel for' directive
D:\Projects\Parallel system\heating\heat.cpp(47,32): warning C4244: '=': conversion from 'double' to 'T', possible loss of data
          with
          [
              T=float
          ]
D:\Projects\Parallel system\heating\heat.cpp(54,61): warning C4849: OpenMP 'collapse' clause ignored in 'parallel for' directive
D:\Projects\Parallel system\heating\draw.hxx(90,63): warning C4244: '=': conversion from 'double' to 'T', possible loss of data
          with
          [
              T=float
          ]
D:\Projects\Parallel system\heating\draw.hxx(196): message : see reference to function template instantiation 'void connectx<float>(Array<float,2> &,T,double,T,double,double,double)' being compiled
          with
          [
              T=float
          ]
D:\Projects\Parallel system\heating\heat.cpp(35): message : see reference to function template instantiation 'void fix_boundaries2<float>(Array<float,2> &)' being compiled
D:\Projects\Parallel system\heating\draw.hxx(113,63): warning C4244: '=': conversion from 'double' to 'T', possible loss of data
          with
          [
              T=float
          ]
D:\Projects\Parallel system\heating\draw.hxx(199): message : see reference to function template instantiation 'void connecty<float>(Array<float,2> &,T,double,T,double,double,double)' being compiled
          with
          [
              T=float
          ]
  heating.vcxproj -> D:\Projects\Parallel system\Assignment_1\MPI_App1\Debug\heating.exe
